This file contains any messages produced by compilers while
running configure, to aid debugging if configure makes a mistake.

It was created by libffi configure 3.4.4, which was
generated by GNU Autoconf 2.71.  Invocation command line was

  $ .././configure --srcdir=.. --enable-builddir=aarch64-apple-darwin --with-pic --disable-shared --disable-docs --prefix '/Users/manishghoshal/Desktop/UniMelb/Semester 1/CCC/RUSTY/mastodon-analytics/target/debug/build/libffi-sys-ac627a927d7d4723/out/libffi-root'

## --------- ##
## Platform. ##
## --------- ##

hostname = MANISHs-MacBook-Air.local
uname -m = arm64
uname -r = 24.3.0
uname -s = Darwin
uname -v = Darwin Kernel Version 24.3.0: Thu Jan  2 20:24:06 PST 2025; root:xnu-11215.81.4~3/RELEASE_ARM64_T8103

/usr/bin/uname -p = arm
/bin/uname -X     = unknown

/bin/arch              = unknown
/usr/bin/arch -k       = unknown
/usr/convex/getsysinfo = unknown
/usr/bin/hostinfo      = Mach kernel version:
	 Darwin Kernel Version 24.3.0: Thu Jan  2 20:24:06 PST 2025; root:xnu-11215.81.4~3/RELEASE_ARM64_T8103
Kernel configured for up to 8 processors.
8 processors are physically available.
8 processors are logically available.
Processor type: arm64e (ARM64E)
Processors active: 0 1 2 3 4 5 6 7
Primary memory available: 8.00 gigabytes
Default processor set: 576 tasks, 4371 threads, 8 processors
Load average: 35.57, Mach factor: 0.23
/bin/machine           = unknown
/usr/bin/oslevel       = unknown
/bin/universe          = unknown

PATH: /Users/manishghoshal/miniconda3/bin/
PATH: /Users/manishghoshal/miniconda3/condabin/
PATH: /opt/homebrew/bin/
PATH: /opt/homebrew/sbin/
PATH: /usr/local/bin/
PATH: /System/Cryptexes/App/usr/bin/
PATH: /usr/bin/
PATH: /bin/
PATH: /usr/sbin/
PATH: /sbin/
PATH: /var/run/com.apple.security.cryptexd/codex.system/bootstrap/usr/local/bin/
PATH: /var/run/com.apple.security.cryptexd/codex.system/bootstrap/usr/bin/
PATH: /var/run/com.apple.security.cryptexd/codex.system/bootstrap/usr/appleinternal/bin/
PATH: /Library/Apple/usr/bin/
PATH: /Applications/VMware Fusion Tech Preview.app/Contents/Public/
PATH: /usr/local/share/dotnet/
PATH: ~/.dotnet/tools/
PATH: /Library/Frameworks/Mono.framework/Versions/Current/Commands/
PATH: /Applications/Postgres.app/Contents/Versions/latest/bin/
PATH: /Users/manishghoshal/.cargo/bin/


## ----------- ##
## Core tests. ##
## ----------- ##

configure:3073: looking for aux files: ltmain.sh compile missing install-sh config.guess config.sub
configure:3086:  trying ../
configure:3115:   ../ltmain.sh found
configure:3115:   ../compile found
configure:3115:   ../missing found
configure:3097:   ../install-sh found
configure:3115:   ../config.guess found
configure:3115:   ../config.sub found
configure:3236: checking build system type
configure:3251: result: aarch64-apple-darwin24.3.0
configure:3271: checking host system type
configure:3285: result: aarch64-apple-darwin24.3.0
configure:3305: checking target system type
configure:3319: result: aarch64-apple-darwin24.3.0
configure:3417: checking for gsed
configure:3453: result: sed
configure:3482: checking for a BSD-compatible install
configure:3555: result: /usr/bin/install -c
configure:3566: checking whether build environment is sane
configure:3621: result: yes
configure:3776: checking for a race-free mkdir -p
configure:3820: result: ../install-sh -c -d
configure:3827: checking for gawk
configure:3862: result: no
configure:3827: checking for mawk
configure:3862: result: no
configure:3827: checking for nawk
configure:3862: result: no
configure:3827: checking for awk
configure:3848: found /usr/bin/awk
configure:3859: result: awk
configure:3870: checking whether make sets $(MAKE)
configure:3893: result: yes
configure:3923: checking whether make supports nested variables
configure:3941: result: yes
configure:4150: checking for gcc
configure:4182: result: cc
configure:4535: checking for C compiler version
configure:4544: cc --version >&5
Apple clang version 16.0.0 (clang-1600.0.26.6)
Target: arm64-apple-darwin24.3.0
Thread model: posix
InstalledDir: /Library/Developer/CommandLineTools/usr/bin
configure:4555: $? = 0
configure:4544: cc -v >&5
Apple clang version 16.0.0 (clang-1600.0.26.6)
Target: arm64-apple-darwin24.3.0
Thread model: posix
InstalledDir: /Library/Developer/CommandLineTools/usr/bin
configure:4555: $? = 0
configure:4544: cc -V >&5
clang: error: argument to '-V' is missing (expected 1 value)
clang: error: no input files
configure:4555: $? = 1
configure:4544: cc -qversion >&5
clang: error: unknown argument '-qversion'; did you mean '--version'?
clang: error: no input files
configure:4555: $? = 1
configure:4544: cc -version >&5
clang: error: unknown argument '-version'; did you mean '--version'?
clang: error: no input files
configure:4555: $? = 1
configure:4575: checking whether the C compiler works
configure:4597: cc -O0 -ffunction-sections -fdata-sections -fPIC -gdwarf-2 -fno-omit-frame-pointer --target=arm64-apple-macosx -mmacosx-version-min=15.2 -Wno-implicit-function-declaration   conftest.c  >&5
configure:4601: $? = 0
configure:4651: result: yes
configure:4654: checking for C compiler default output file name
configure:4656: result: a.out
configure:4662: checking for suffix of executables
configure:4669: cc -o conftest -O0 -ffunction-sections -fdata-sections -fPIC -gdwarf-2 -fno-omit-frame-pointer --target=arm64-apple-macosx -mmacosx-version-min=15.2 -Wno-implicit-function-declaration   conftest.c  >&5
configure:4673: $? = 0
configure:4696: result: 
configure:4718: checking whether we are cross compiling
configure:4726: cc -o conftest -O0 -ffunction-sections -fdata-sections -fPIC -gdwarf-2 -fno-omit-frame-pointer --target=arm64-apple-macosx -mmacosx-version-min=15.2 -Wno-implicit-function-declaration   conftest.c  >&5
configure:4730: $? = 0
configure:4737: ./conftest
configure:4741: $? = 0
configure:4756: result: no
configure:4761: checking for suffix of object files
configure:4784: cc -c -O0 -ffunction-sections -fdata-sections -fPIC -gdwarf-2 -fno-omit-frame-pointer --target=arm64-apple-macosx -mmacosx-version-min=15.2 -Wno-implicit-function-declaration  conftest.c >&5
configure:4788: $? = 0
configure:4810: result: o
configure:4814: checking whether the compiler supports GNU C
configure:4834: cc -c -O0 -ffunction-sections -fdata-sections -fPIC -gdwarf-2 -fno-omit-frame-pointer --target=arm64-apple-macosx -mmacosx-version-min=15.2 -Wno-implicit-function-declaration  conftest.c >&5
configure:4834: $? = 0
configure:4844: result: yes
configure:4855: checking whether cc accepts -g
configure:4876: cc -c -g  conftest.c >&5
configure:4876: $? = 0
configure:4920: result: yes
configure:4940: checking for cc option to enable C11 features
configure:4955: cc  -c -O0 -ffunction-sections -fdata-sections -fPIC -gdwarf-2 -fno-omit-frame-pointer --target=arm64-apple-macosx -mmacosx-version-min=15.2 -Wno-implicit-function-declaration  conftest.c >&5
conftest.c:25:14: warning: a function definition without a prototype is deprecated in all versions of C and is not supported in C2x [-Wdeprecated-non-prototype]
   25 | static char *e (p, i)
      |              ^
1 warning generated.
configure:4955: $? = 0
configure:4973: result: none needed
configure:5089: checking whether cc understands -c and -o together
configure:5112: cc -c conftest.c -o conftest2.o
configure:5115: $? = 0
configure:5112: cc -c conftest.c -o conftest2.o
configure:5115: $? = 0
configure:5127: result: yes
configure:5147: checking whether make supports the include directive
configure:5162: make -f confmf.GNU && cat confinc.out
this is the am__doit target
configure:5165: $? = 0
configure:5184: result: yes (GNU style)
configure:5210: checking dependency style of cc
configure:5322: result: gcc3
configure:5406: checking for g++
configure:5427: found /usr/bin/g++
configure:5438: result: g++
configure:5465: checking for C++ compiler version
configure:5474: g++ --version >&5
Apple clang version 16.0.0 (clang-1600.0.26.6)
Target: arm64-apple-darwin24.3.0
Thread model: posix
InstalledDir: /Library/Developer/CommandLineTools/usr/bin
configure:5485: $? = 0
configure:5474: g++ -v >&5
Apple clang version 16.0.0 (clang-1600.0.26.6)
Target: arm64-apple-darwin24.3.0
Thread model: posix
InstalledDir: /Library/Developer/CommandLineTools/usr/bin
configure:5485: $? = 0
configure:5474: g++ -V >&5
clang++: error: argument to '-V' is missing (expected 1 value)
clang++: error: no input files
configure:5485: $? = 1
configure:5474: g++ -qversion >&5
clang++: error: unknown argument '-qversion'; did you mean '--version'?
clang++: error: no input files
configure:5485: $? = 1
configure:5489: checking whether the compiler supports GNU C++
configure:5509: g++ -c   conftest.cpp >&5
configure:5509: $? = 0
configure:5519: result: yes
configure:5530: checking whether g++ accepts -g
configure:5551: g++ -c -g  conftest.cpp >&5
configure:5551: $? = 0
configure:5595: result: yes
configure:5615: checking for g++ option to enable C++11 features
configure:5630: g++  -c -g -O2  conftest.cpp >&5
conftest.cpp:57:3: error: "Compiler does not advertise C++11 conformance"
   57 | # error "Compiler does not advertise C++11 conformance"
      |   ^
conftest.cpp:62:3: error: unknown type name 'constexpr'
   62 |   constexpr int get_val() { return 20; }
      |   ^
conftest.cpp:74:17: error: delegating constructors are permitted only in C++11
   74 |     delegate(): delegate(2354) {}
      |                 ^~~~~~~~
conftest.cpp:85:26: warning: 'override' keyword is a C++11 extension [-Wc++11-extensions]
   85 |     virtual int getval() override final { return this->n * 2; }
      |                          ^
conftest.cpp:85:35: warning: 'final' keyword is a C++11 extension [-Wc++11-extensions]
   85 |     virtual int getval() override final { return this->n * 2; }
      |                                   ^
conftest.cpp:92:16: warning: defaulted function definitions are a C++11 extension [-Wc++11-extensions]
   92 |     nocopy() = default;
      |                ^
conftest.cpp:93:29: warning: deleted function definitions are a C++11 extension [-Wc++11-extensions]
   93 |     nocopy(const nocopy&) = delete;
      |                             ^
conftest.cpp:94:41: warning: deleted function definitions are a C++11 extension [-Wc++11-extensions]
   94 |     nocopy & operator=(const nocopy&) = delete;
      |                                         ^
conftest.cpp:106:25: warning: 'auto' type specifier is a C++11 extension [-Wc++11-extensions]
  106 |   template <typename V> auto sum(V first) -> V
      |                         ^
conftest.cpp:106:25: error: 'auto' not allowed in function return type
  106 |   template <typename V> auto sum(V first) -> V
      |                         ^~~~
conftest.cpp:106:42: error: expected ';' at end of declaration
  106 |   template <typename V> auto sum(V first) -> V
      |                                          ^
      |                                          ;
conftest.cpp:106:43: error: cannot use arrow operator on a type
  106 |   template <typename V> auto sum(V first) -> V
      |                                           ^
conftest.cpp:110:33: warning: variadic templates are a C++11 extension [-Wc++11-extensions]
  110 |   template <typename V, typename... Args> auto sum(V first, Args... rest) -> V
      |                                 ^
conftest.cpp:110:43: warning: 'auto' type specifier is a C++11 extension [-Wc++11-extensions]
  110 |   template <typename V, typename... Args> auto sum(V first, Args... rest) -> V
      |                                           ^
conftest.cpp:110:43: error: 'auto' not allowed in function return type
  110 |   template <typename V, typename... Args> auto sum(V first, Args... rest) -> V
      |                                           ^~~~
conftest.cpp:110:74: error: expected ';' at end of declaration
  110 |   template <typename V, typename... Args> auto sum(V first, Args... rest) -> V
      |                                                                          ^
      |                                                                          ;
conftest.cpp:110:75: error: cannot use arrow operator on a type
  110 |   template <typename V, typename... Args> auto sum(V first, Args... rest) -> V
      |                                                                           ^
conftest.cpp:134:3: warning: 'auto' type specifier is a C++11 extension [-Wc++11-extensions]
  134 |   auto a1 = 6538;
      |   ^
conftest.cpp:135:3: warning: 'auto' type specifier is a C++11 extension [-Wc++11-extensions]
  135 |   auto a2 = 48573953.4;
      |   ^
conftest.cpp:136:3: warning: 'auto' type specifier is a C++11 extension [-Wc++11-extensions]
  136 |   auto a3 = "String literal";
      |   ^
conftest.cpp:139:8: warning: 'auto' type specifier is a C++11 extension [-Wc++11-extensions]
  139 |   for (auto i = a3; *i; ++i) { total += *i; }
      |        ^
conftest.cpp:155:8: warning: 'auto' type specifier is a C++11 extension [-Wc++11-extensions]
  155 |   for (auto &x : array) { x += 23; }
      |        ^
conftest.cpp:155:16: warning: range-based for loop is a C++11 extension [-Wc++11-extensions]
  155 |   for (auto &x : array) { x += 23; }
      |                ^
conftest.cpp:160:17: error: expected expression
  160 |   assert (eval ([](int x) { return x*2; }, 21) == 42);
      |                 ^
conftest.cpp:162:17: error: expected expression
  162 |   assert (eval ([&](double x) { return d += x; }, 3.0) == 5.0);
      |                 ^
conftest.cpp:164:17: error: expected expression
  164 |   assert (eval ([=](double x) mutable { return d += x; }, 4.0) == 9.0);
      |                 ^
conftest.cpp:170:3: warning: 'auto' type specifier is a C++11 extension [-Wc++11-extensions]
  170 |   auto a = sum(1);
      |   ^
conftest.cpp:170:12: error: no matching function for call to 'sum'
  170 |   auto a = sum(1);
      |            ^~~
conftest.cpp:171:3: warning: 'auto' type specifier is a C++11 extension [-Wc++11-extensions]
  171 |   auto b = sum(1, 2);
      |   ^
conftest.cpp:171:12: error: no matching function for call to 'sum'
  171 |   auto b = sum(1, 2);
      |            ^~~
conftest.cpp:172:3: warning: 'auto' type specifier is a C++11 extension [-Wc++11-extensions]
  172 |   auto c = sum(1.0, 2.0, 3.0);
      |   ^
conftest.cpp:172:12: error: no matching function for call to 'sum'
  172 |   auto c = sum(1.0, 2.0, 3.0);
      |            ^~~
conftest.cpp:177:25: warning: empty parentheses interpreted as a function declaration [-Wvexing-parse]
  177 |   cxx11test::delegate d2();
      |                         ^~
conftest.cpp:177:25: note: remove parentheses to declare a variable
  177 |   cxx11test::delegate d2();
      |                         ^~
conftest.cpp:190:16: error: found '<::' after a template name which forms the digraph '<:' (aka '[') and a ':', did you mean '< ::'?
  190 |   test_template<::test_template<int>> v(test_template<int>(12));
      |                ^~~
      |                < ::
conftest.cpp:190:36: error: a space is required between consecutive right angle brackets (use '> >')
  190 |   test_template<::test_template<int>> v(test_template<int>(12));
      |                                    ^~
      |                                    > >
conftest.cpp:194:22: error: use of undeclared identifier 'u8'
  194 |   char const *utf8 = u8"UTF-8 string \u2500";
      |                      ^
conftest.cpp:194:24: error: expected ';' at end of declaration
  194 |   char const *utf8 = u8"UTF-8 string \u2500";
      |                        ^
      |                        ;
fatal error: too many errors emitted, stopping now [-ferror-limit=]
18 warnings and 20 errors generated.
configure:5630: $? = 1
configure: failed program was:
| /* confdefs.h */
| #define PACKAGE_NAME "libffi"
| #define PACKAGE_TARNAME "libffi"
| #define PACKAGE_VERSION "3.4.4"
| #define PACKAGE_STRING "libffi 3.4.4"
| #define PACKAGE_BUGREPORT "http://github.com/libffi/libffi/issues"
| #define PACKAGE_URL ""
| #define PACKAGE "libffi"
| #define VERSION "3.4.4"
| /* end confdefs.h.  */
| 
| // Does the compiler advertise C++98 conformance?
| #if !defined __cplusplus || __cplusplus < 199711L
| # error "Compiler does not advertise C++98 conformance"
| #endif
| 
| // These inclusions are to reject old compilers that
| // lack the unsuffixed header files.
| #include <cstdlib>
| #include <exception>
| 
| // <cassert> and <cstring> are *not* freestanding headers in C++98.
| extern void assert (int);
| namespace std {
|   extern int strcmp (const char *, const char *);
| }
| 
| // Namespaces, exceptions, and templates were all added after "C++ 2.0".
| using std::exception;
| using std::strcmp;
| 
| namespace {
| 
| void test_exception_syntax()
| {
|   try {
|     throw "test";
|   } catch (const char *s) {
|     // Extra parentheses suppress a warning when building autoconf itself,
|     // due to lint rules shared with more typical C programs.
|     assert (!(strcmp) (s, "test"));
|   }
| }
| 
| template <typename T> struct test_template
| {
|   T const val;
|   explicit test_template(T t) : val(t) {}
|   template <typename U> T add(U u) { return static_cast<T>(u) + val; }
| };
| 
| } // anonymous namespace
| 
| 
| // Does the compiler advertise C++ 2011 conformance?
| #if !defined __cplusplus || __cplusplus < 201103L
| # error "Compiler does not advertise C++11 conformance"
| #endif
| 
| namespace cxx11test
| {
|   constexpr int get_val() { return 20; }
| 
|   struct testinit
|   {
|     int i;
|     double d;
|   };
| 
|   class delegate
|   {
|   public:
|     delegate(int n) : n(n) {}
|     delegate(): delegate(2354) {}
| 
|     virtual int getval() { return this->n; };
|   protected:
|     int n;
|   };
| 
|   class overridden : public delegate
|   {
|   public:
|     overridden(int n): delegate(n) {}
|     virtual int getval() override final { return this->n * 2; }
|   };
| 
|   class nocopy
|   {
|   public:
|     nocopy(int i): i(i) {}
|     nocopy() = default;
|     nocopy(const nocopy&) = delete;
|     nocopy & operator=(const nocopy&) = delete;
|   private:
|     int i;
|   };
| 
|   // for testing lambda expressions
|   template <typename Ret, typename Fn> Ret eval(Fn f, Ret v)
|   {
|     return f(v);
|   }
| 
|   // for testing variadic templates and trailing return types
|   template <typename V> auto sum(V first) -> V
|   {
|     return first;
|   }
|   template <typename V, typename... Args> auto sum(V first, Args... rest) -> V
|   {
|     return first + sum(rest...);
|   }
| }
| 
| 
| int
| main (int argc, char **argv)
| {
|   int ok = 0;
|   
|   assert (argc);
|   assert (! argv[0]);
| {
|   test_exception_syntax ();
|   test_template<double> tt (2.0);
|   assert (tt.add (4) == 6.0);
|   assert (true && !false);
| }
| 
|   
| {
|   // Test auto and decltype
|   auto a1 = 6538;
|   auto a2 = 48573953.4;
|   auto a3 = "String literal";
| 
|   int total = 0;
|   for (auto i = a3; *i; ++i) { total += *i; }
| 
|   decltype(a2) a4 = 34895.034;
| }
| {
|   // Test constexpr
|   short sa[cxx11test::get_val()] = { 0 };
| }
| {
|   // Test initializer lists
|   cxx11test::testinit il = { 4323, 435234.23544 };
| }
| {
|   // Test range-based for
|   int array[] = {9, 7, 13, 15, 4, 18, 12, 10, 5, 3,
|                  14, 19, 17, 8, 6, 20, 16, 2, 11, 1};
|   for (auto &x : array) { x += 23; }
| }
| {
|   // Test lambda expressions
|   using cxx11test::eval;
|   assert (eval ([](int x) { return x*2; }, 21) == 42);
|   double d = 2.0;
|   assert (eval ([&](double x) { return d += x; }, 3.0) == 5.0);
|   assert (d == 5.0);
|   assert (eval ([=](double x) mutable { return d += x; }, 4.0) == 9.0);
|   assert (d == 5.0);
| }
| {
|   // Test use of variadic templates
|   using cxx11test::sum;
|   auto a = sum(1);
|   auto b = sum(1, 2);
|   auto c = sum(1.0, 2.0, 3.0);
| }
| {
|   // Test constructor delegation
|   cxx11test::delegate d1;
|   cxx11test::delegate d2();
|   cxx11test::delegate d3(45);
| }
| {
|   // Test override and final
|   cxx11test::overridden o1(55464);
| }
| {
|   // Test nullptr
|   char *c = nullptr;
| }
| {
|   // Test template brackets
|   test_template<::test_template<int>> v(test_template<int>(12));
| }
| {
|   // Unicode literals
|   char const *utf8 = u8"UTF-8 string \u2500";
|   char16_t const *utf16 = u"UTF-8 string \u2500";
|   char32_t const *utf32 = U"UTF-32 string \u2500";
| }
| 
|   return ok;
| }
| 
configure:5648: result: none needed
configure:5714: checking dependency style of g++
configure:5826: result: gcc3
configure:5856: checking dependency style of cc
configure:5966: result: gcc3
configure:5982: checking for grep that handles long lines and -e
configure:6046: result: /usr/bin/grep
configure:6051: checking for egrep
configure:6119: result: /usr/bin/grep -E
configure:6126: WARNING: Libtool does not cope well with whitespace in `pwd`
configure:6171: checking how to print strings
configure:6198: result: printf
configure:6219: checking for a sed that does not truncate output
configure:6289: result: /usr/bin/sed
configure:6307: checking for fgrep
configure:6375: result: /usr/bin/grep -F
configure:6411: checking for ld used by cc
configure:6479: result: /Library/Developer/CommandLineTools/usr/bin/ld
configure:6486: checking if the linker (/Library/Developer/CommandLineTools/usr/bin/ld) is GNU ld
configure:6502: result: no
configure:6514: checking for BSD- or MS-compatible name lister (nm)
configure:6569: result: /usr/bin/nm -B
configure:6709: checking the name lister (/usr/bin/nm -B) interface
configure:6717: cc -c -O0 -ffunction-sections -fdata-sections -fPIC -gdwarf-2 -fno-omit-frame-pointer --target=arm64-apple-macosx -mmacosx-version-min=15.2 -Wno-implicit-function-declaration  conftest.c >&5
configure:6720: /usr/bin/nm -B "conftest.o"
configure:6723: output
000000000000029c S _some_variable
0000000000000000 t ltmp0
000000000000029c s ltmp1
configure:6730: result: BSD nm
configure:6733: checking whether ln -s works
configure:6737: result: yes
configure:6745: checking the maximum length of command line arguments
configure:6877: result: 786432
configure:6925: checking how to convert aarch64-apple-darwin24.3.0 file names to aarch64-apple-darwin24.3.0 format
configure:6966: result: func_convert_file_noop
configure:6973: checking how to convert aarch64-apple-darwin24.3.0 file names to toolchain format
configure:6994: result: func_convert_file_noop
configure:7001: checking for /Library/Developer/CommandLineTools/usr/bin/ld option to reload object files
configure:7009: result: -r
configure:7088: checking for file
configure:7109: found /usr/bin/file
configure:7120: result: file
configure:7196: checking for objdump
configure:7217: found /usr/bin/objdump
configure:7228: result: objdump
configure:7260: checking how to recognize dependent libraries
configure:7461: result: pass_all
configure:7551: checking for dlltool
configure:7586: result: no
configure:7616: checking how to associate runtime and link libraries
configure:7644: result: printf %s\n
configure:7710: checking for ar
configure:7731: found /usr/bin/ar
configure:7742: result: ar
configure:7795: checking for archiver @FILE support
configure:7813: cc -c -O0 -ffunction-sections -fdata-sections -fPIC -gdwarf-2 -fno-omit-frame-pointer --target=arm64-apple-macosx -mmacosx-version-min=15.2 -Wno-implicit-function-declaration  conftest.c >&5
configure:7813: $? = 0
configure:7817: ar cr libconftest.a @conftest.lst >&5
ar: @conftest.lst: No such file or directory
configure:7820: $? = 1
configure:7840: result: no
configure:7903: checking for strip
configure:7924: found /usr/bin/strip
configure:7935: result: strip
configure:8012: checking for ranlib
configure:8033: found /usr/bin/ranlib
configure:8044: result: ranlib
configure:8146: checking command to parse /usr/bin/nm -B output from cc object
configure:8300: cc -c -O0 -ffunction-sections -fdata-sections -fPIC -gdwarf-2 -fno-omit-frame-pointer --target=arm64-apple-macosx -mmacosx-version-min=15.2 -Wno-implicit-function-declaration  conftest.c >&5
configure:8303: $? = 0
configure:8307: /usr/bin/nm -B conftest.o \| /usr/bin/sed -n -e 's/^.*[ ]\([ABCDGIRSTW][ABCDGIRSTW]*\)[ ][ ]*\([_A-Za-z][_A-Za-z0-9]*\)$/\1 \2 \2/p' | /usr/bin/sed '/ __gnu_lto/d' \> conftest.nm
configure:8310: $? = 0
cannot find nm_test_var in conftest.nm
configure:8300: cc -c -O0 -ffunction-sections -fdata-sections -fPIC -gdwarf-2 -fno-omit-frame-pointer --target=arm64-apple-macosx -mmacosx-version-min=15.2 -Wno-implicit-function-declaration  conftest.c >&5
configure:8303: $? = 0
configure:8307: /usr/bin/nm -B conftest.o \| /usr/bin/sed -n -e 's/^.*[ ]\([ABCDGIRSTW][ABCDGIRSTW]*\)[ ][ ]*_\([_A-Za-z][_A-Za-z0-9]*\)$/\1 _\2 \2/p' | /usr/bin/sed '/ __gnu_lto/d' \> conftest.nm
configure:8310: $? = 0
configure:8376: cc -o conftest -O0 -ffunction-sections -fdata-sections -fPIC -gdwarf-2 -fno-omit-frame-pointer --target=arm64-apple-macosx -mmacosx-version-min=15.2 -Wno-implicit-function-declaration   conftest.c conftstm.o >&5
configure:8379: $? = 0
configure:8417: result: ok
configure:8464: checking for sysroot
configure:8495: result: no
configure:8502: checking for a working dd
configure:8546: result: /bin/dd
configure:8550: checking how to truncate binary pipes
configure:8566: result: /bin/dd bs=4096 count=1
configure:8903: checking for mt
configure:8938: result: no
configure:8958: checking if : is a manifest tool
configure:8965: : '-?'
configure:8973: result: no
configure:9034: checking for dsymutil
configure:9055: found /usr/bin/dsymutil
configure:9066: result: dsymutil
configure:9136: checking for nmedit
configure:9157: found /usr/bin/nmedit
configure:9168: result: nmedit
configure:9238: checking for lipo
configure:9259: found /usr/bin/lipo
configure:9270: result: lipo
configure:9340: checking for otool
configure:9361: found /usr/bin/otool
configure:9372: result: otool
configure:9442: checking for otool64
configure:9477: result: no
configure:9522: checking for -single_module linker flag
cc -O0 -ffunction-sections -fdata-sections -fPIC -gdwarf-2 -fno-omit-frame-pointer --target=arm64-apple-macosx -mmacosx-version-min=15.2 -Wno-implicit-function-declaration  -o libconftest.dylib -dynamiclib -Wl,-single_module conftest.c
ld: warning: -single_module is obsolete
configure:9556: result: no
configure:9559: checking for -exported_symbols_list linker flag
configure:9580: cc -o conftest -O0 -ffunction-sections -fdata-sections -fPIC -gdwarf-2 -fno-omit-frame-pointer --target=arm64-apple-macosx -mmacosx-version-min=15.2 -Wno-implicit-function-declaration   -Wl,-exported_symbols_list,conftest.sym conftest.c  >&5
configure:9580: $? = 0
configure:9591: result: yes
configure:9594: checking for -force_load linker flag
cc -O0 -ffunction-sections -fdata-sections -fPIC -gdwarf-2 -fno-omit-frame-pointer --target=arm64-apple-macosx -mmacosx-version-min=15.2 -Wno-implicit-function-declaration -c -o conftest.o conftest.c
ar cr libconftest.a conftest.o
ranlib libconftest.a
cc -O0 -ffunction-sections -fdata-sections -fPIC -gdwarf-2 -fno-omit-frame-pointer --target=arm64-apple-macosx -mmacosx-version-min=15.2 -Wno-implicit-function-declaration  -o conftest conftest.c -Wl,-force_load,./libconftest.a
